<?xml version="1.0" encoding="UTF-8"?>
<testsuite xmlns:xsi="http://www.w3.org/2001/XMLSchema-instance" xsi:noNamespaceSchemaLocation="https://maven.apache.org/surefire/maven-surefire-plugin/xsd/surefire-test-report.xsd" name="com.ibik.pbo.praktikum.AppTest" time="0.041" tests="1" errors="0" skipped="0" failures="0">
  <properties>
    <property name="java.specification.version" value="19"/>
    <property name="sun.cpu.isalist" value="amd64"/>
    <property name="sun.jnu.encoding" value="Cp1252"/>
    <property name="java.class.path" value="C:\Users\Syaepul Bahri\Desktop\PBO-TI-21-PA_212310035\PBO-212310035-MAVEN\target\test-classes;C:\Users\Syaepul Bahri\Desktop\PBO-TI-21-PA_212310035\PBO-212310035-MAVEN\target\classes;C:\Users\Syaepul Bahri\.m2\repository\junit\junit\4.11\junit-4.11.jar;C:\Users\Syaepul Bahri\.m2\repository\org\hamcrest\hamcrest-core\1.3\hamcrest-core-1.3.jar;"/>
    <property name="java.vm.vendor" value="Oracle Corporation"/>
    <property name="sun.arch.data.model" value="64"/>
    <property name="user.variant" value=""/>
    <property name="java.vendor.url" value="https://java.oracle.com/"/>
    <property name="user.timezone" value="Asia/Jakarta"/>
    <property name="os.name" value="Windows 11"/>
    <property name="java.vm.specification.version" value="19"/>
    <property name="sun.java.launcher" value="SUN_STANDARD"/>
    <property name="user.country" value="ID"/>
    <property name="sun.boot.library.path" value="C:\Program Files\Java\jdk-19\bin"/>
    <property name="sun.java.command" value="C:\Users\SYAEPU~1\AppData\Local\Temp\surefire12551861928042968380\surefirebooter7686506724097727546.jar C:\Users\Syaepul Bahri\AppData\Local\Temp\surefire12551861928042968380 2023-01-02T00-39-58_047-jvmRun1 surefire2747685336940702010tmp surefire_04684689365960579746tmp"/>
    <property name="jdk.debug" value="release"/>
    <property name="surefire.test.class.path" value="C:\Users\Syaepul Bahri\Desktop\PBO-TI-21-PA_212310035\PBO-212310035-MAVEN\target\test-classes;C:\Users\Syaepul Bahri\Desktop\PBO-TI-21-PA_212310035\PBO-212310035-MAVEN\target\classes;C:\Users\Syaepul Bahri\.m2\repository\junit\junit\4.11\junit-4.11.jar;C:\Users\Syaepul Bahri\.m2\repository\org\hamcrest\hamcrest-core\1.3\hamcrest-core-1.3.jar;"/>
    <property name="sun.cpu.endian" value="little"/>
    <property name="user.home" value="C:\Users\Syaepul Bahri"/>
    <property name="user.language" value="en"/>
    <property name="java.specification.vendor" value="Oracle Corporation"/>
    <property name="java.version.date" value="2022-10-18"/>
    <property name="java.home" value="C:\Program Files\Java\jdk-19"/>
    <property name="file.separator" value="\"/>
    <property name="basedir" value="C:\Users\Syaepul Bahri\Desktop\PBO-TI-21-PA_212310035\PBO-212310035-MAVEN"/>
    <property name="java.vm.compressedOopsMode" value="Zero based"/>
    <property name="line.separator" value="&#10;"/>
    <property name="java.vm.specification.vendor" value="Oracle Corporation"/>
    <property name="java.specification.name" value="Java Platform API Specification"/>
    <property name="surefire.real.class.path" value="C:\Users\SYAEPU~1\AppData\Local\Temp\surefire12551861928042968380\surefirebooter7686506724097727546.jar"/>
    <property name="user.script" value=""/>
    <property name="sun.management.compiler" value="HotSpot 64-Bit Tiered Compilers"/>
    <property name="java.runtime.version" value="19.0.1+10-21"/>
    <property name="user.name" value="Syaepul Bahri"/>
    <property name="stdout.encoding" value="Cp1252"/>
    <property name="path.separator" value=";"/>
    <property name="os.version" value="10.0"/>
    <property name="java.runtime.name" value="Java(TM) SE Runtime Environment"/>
    <property name="file.encoding" value="UTF-8"/>
    <property name="java.vm.name" value="Java HotSpot(TM) 64-Bit Server VM"/>
    <property name="localRepository" value="C:\Users\Syaepul Bahri\.m2\repository"/>
    <property name="java.vendor.url.bug" value="https://bugreport.java.com/bugreport/"/>
    <property name="java.io.tmpdir" value="C:\Users\SYAEPU~1\AppData\Local\Temp\"/>
    <property name="java.version" value="19.0.1"/>
    <property name="user.dir" value="C:\Users\Syaepul Bahri\Desktop\PBO-TI-21-PA_212310035\PBO-212310035-MAVEN"/>
    <property name="os.arch" value="amd64"/>
    <property name="java.vm.specification.name" value="Java Virtual Machine Specification"/>
    <property name="sun.os.patch.level" value=""/>
    <property name="native.encoding" value="Cp1252"/>
    <property name="java.library.path" value="C:\Program Files\Java\jdk-19\bin;C:\WINDOWS\Sun\Java\bin;C:\WINDOWS\system32;C:\WINDOWS;C:\Program Files\apache-maven-3.8.6\bin;C:\Users\Syaepul Bahri\AppData\Local\Microsoft\WindowsApps;C:\Users\Syaepul Bahri\AppData\Local\Programs\Microsoft VS Code\bin;C:\Windows\SysWow64\;C:\Users\Syaepul Bahri\AppData\Roaming\Composer\vendor\bin;C:\Program Files\apache-maven-3.8.6\bin;C:\Program Files\Java\jdk-19\bin;C:\Program Files\Git\;;."/>
    <property name="java.vm.info" value="mixed mode, sharing"/>
    <property name="stderr.encoding" value="Cp1252"/>
    <property name="java.vendor" value="Oracle Corporation"/>
    <property name="java.vm.version" value="19.0.1+10-21"/>
    <property name="sun.io.unicode.encoding" value="UnicodeLittle"/>
    <property name="java.class.version" value="63.0"/>
  </properties>
  <testcase name="shouldAnswerWithTrue" classname="com.ibik.pbo.praktikum.AppTest" time="0.006"/>
</testsuite>